下载完成:[XiuRen]高清写真图 2020.08.11 No.2431 杨晨晨sugar
src/singleGallery.js:49
开始下载图集：(74/346)
src/main.js:26
单次失败： https://img.xsnvshen.com/album/22162/33430/024.jpg
src/fetch.js:39
失败信息:ECONNRESET 剩余重试次数：5
src/fetch.js:53
单次失败： https://img.xsnvshen.com/album/22162/33430/009.jpg
src/fetch.js:39
失败信息:ECONNRESET 剩余重试次数：5
src/fetch.js:53
单次失败： https://img.xsnvshen.com/album/22162/33430/024.jpg
src/fetch.js:39
失败信息:ECONNRESET 剩余重试次数：4
src/fetch.js:53
单次失败： https://img.xsnvshen.com/album/22162/33430/009.jpg
src/fetch.js:39
失败信息:ECONNRESET 剩余重试次数：4
src/fetch.js:53
单次失败： https://img.xsnvshen.com/album/22162/33430/024.jpg
src/fetch.js:39
失败信息:ECONNRESET 剩余重试次数：3
src/fetch.js:53
单次失败： https://img.xsnvshen.com/album/22162/33430/009.jpg
src/fetch.js:39
失败信息:ECONNRESET 剩余重试次数：3
src/fetch.js:53


失败信息:ECONNRESET 剩余重试次数：1
src/fetch.js:53
下载完成:[XIAOYU]高清写真图 2020.08.07 VOL.343 杨晨晨sugar
src/singleGallery.js:49
开始下载图集：(75/346)
src/main.js:26
获取页面出错：/album/33422
src/main.js:34
开始下载图集：(76/346)
src/main.js:26
获取页面出错：/album/33396
src/main.js:34
开始下载图集：(77/346)
src/main.js:26
获取页面出错：/album/33371
src/main.js:34
开始下载图集：(78/346)
src/main.js:26
获取页面出错：/album/33353
src/main.js:34
开始下载图集：(79/346)
src/main.js:26
获取页面出错：/album/33336
src/main.js:34
开始下载图集：(80/346)
src/main.js:26
获取页面出错：/album/33320
src/main.js:34
开始下载图集：(81/346)
src/main.js:26
获取页面出错：/album/33294
src/main.js:34
开始下载图集：(82/346)
src/main.js:26
获取页面出错：/album/33278
src/main.js:34

获取页面出错：/album/32238
src/main.js:34
开始下载图集：(124/346)
src/main.js:26
下载完成:[XIAOYU]高清写真图 2020.02.15 VOL.247 杨晨晨sugar
src/singleGallery.js:49
开始下载图集：(125/346)
src/main.js:26
单次失败： https://img.xsnvshen.com/album/22162/32187/028.jpg
src/fetch.js:39
失败信息:ECONNRESET 剩余重试次数：5
src/fetch.js:53
单次失败： https://img.xsnvshen.com/album/22162/32187/016.jpg
src/fetch.js:39
失败信息:ECONNRESET 剩余重试次数：5
src/fetch.js:53

开始下载图集：(146/346)
src/main.js:26
获取页面出错：/album/31736
src/main.js:34
开始下载图集：(147/346)
src/main.js:26
获取页面出错：/album/31729
src/main.js:34
开始下载图集：(148/346)
src/main.js:26
获取页面出错：/album/31703
src/main.js:34
开始下载图集：(149/346)
src/main.js:26
获取页面出错：/album/31683
src/main.js:34
开始下载图集：(150/346)
src/main.js:26
单次失败： https://img.xsnvshen.com/album/22162/31656/057.jpg
src/fetch.js:39
失败信息:ECONNRESET 剩余重试次数：5
src/fetch.js:53
单次失败： https://img.xsnvshen.com/album/22162/31656/057.jpg
src/fetch.js:39
失败信息:ECONNRESET 剩余重试次数：4
src/fetch.js:53
单次失败： https://img.xsnvshen.com/album/22162/31656/057.jpg
src/fetch.js:39
失败信息:ECONNRESET 剩余重试次数：3
src/fetch.js:53
单次失败： https://img.xsnvshen.com/album/22162/31656/057.jpg
src/fetch.js:39
失败信息:ECONNRESET 剩余重试次数：2
src/fetch.js:53
单次失败： https://img.xsnvshen.com/album/22162/31656/057.jpg
src/fetch.js:39
失败信息:ECONNRESET 剩余重试次数：1
src/fetch.js:53
下载完成:[XIAOYU]高清写真图 2019.12.06 VOL.209 杨晨晨sugar
src/singleGallery.js:49

开始下载图集：(180/346)
src/main.js:26
获取页面出错：/album/30941
src/main.js:34
开始下载图集：(181/346)
src/main.js:26
获取页面出错：/album/30935
src/main.js:34
开始下载图集：(182/346)
src/main.js:26
下载完成:[XIAOYU]高清写真图 2019.08.23 VOL.138 杨晨晨sugar
src/singleGallery.js:49
开始下载图集：(183/346)
src/main.js:26


获取页面出错：/album/29965
src/main.js:34
开始下载图集：(206/346)
src/main.js:26
获取页面出错：/album/29926
src/main.js:34
开始下载图集：(207/346)
src/main.js:26
获取页面出错：/album/29902
src/main.js:34
开始下载图集：(208/346)
src/main.js:26
获取页面出错：/album/29849
src/main.js:34
开始下载图集：(209/346)
src/main.js:26
获取页面出错：/album/29827
src/main.js:34
开始下载图集：(210/346)
src/main.js:26
获取页面出错：/album/29770
src/main.js:34
开始下载图集：(211/346)
src/main.js:26
下载完成:性感女神杨晨晨 韵味旗袍丝袜玉足
src/singleGallery.js:49
开始下载图集：(212/346)
src/main.js:26

获取页面出错：/album/28958
src/main.js:34
开始下载图集：(235/346)
src/main.js:26
获取页面出错：/album/28907
src/main.js:34
开始下载图集：(236/346)
src/main.js:26
获取页面出错：/album/28884
src/main.js:34
开始下载图集：(237/346)
src/main.js:26
获取页面出错：/album/28799
src/main.js:34
开始下载图集：(238/346)
src/main.js:26
获取页面出错：/album/28671
src/main.js:34
开始下载图集：(239/346)
src/main.js:26
下载完成:红裙女神杨晨晨 低胸吊裙黑丝玉足
src/singleGallery.js:49
开始下载图集：(240/346)
src/main.js:26
单次失败： https://img.xsnvshen.com/album/22162/28616/022.jpg
src/fetch.js:39
失败信息:ECONNRESET 剩余重试次数：5
src/fetch.js:53

开始下载图集：(338/346)
src/main.js:26
获取页面出错：/album/19502
src/main.js:34
开始下载图集：(339/346)
src/main.js:26
获取页面出错：/album/19489
src/main.js:34
开始下载图集：(340/346)
src/main.js:26
获取页面出错：/album/19451
src/main.js:34
开始下载图集：(341/346)
src/main.js:26
获取页面出错：/album/19138
src/main.js:34
开始下载图集：(342/346)
src/main.js:26
获取页面出错：/album/19047
src/main.js:34
开始下载图集：(343/346)
src/main.js:26
获取页面出错：/album/18509
src/main.js:34
开始下载图集：(344/346)
src/main.js:26
获取页面出错：/album/18331
src/main.js:34
开始下载图集：(345/346)
src/main.js:26
获取页面出错：/album/18330
src/main.js:34
开始下载图集：(346/346)
src/main.js:26
获取页面出错：/album/18151
src/main.js:34
开始下载图集：(NaN/346)
src/main.js:26
(node:12152) UnhandledPromiseRejectionWarning: TypeError: Cannot read property 'href' of undefined
    at getAllUrl (f:\my-projects\xiuren-crawler\src\main.js:27:47)
    at runMicrotasks (<anonymous>)